#
# There is insufficient memory for the Java Runtime Environment to continue.
# Native memory allocation (malloc) failed to allocate 554944 bytes. Error detail: Chunk::new
# Possible reasons:
#   The system is out of physical RAM or swap space
#   This process is running with CompressedOops enabled, and the Java Heap may be blocking the growth of the native heap
# Possible solutions:
#   Reduce memory load on the system
#   Increase physical memory or swap space
#   Check if swap backing store is full
#   Decrease Java heap size (-Xmx/-Xms)
#   Decrease number of Java threads
#   Decrease Java thread stack sizes (-Xss)
#   Set larger code cache with -XX:ReservedCodeCacheSize=
#   JVM is running with Zero Based Compressed Oops mode in which the Java heap is
#     placed in the first 32GB address space. The Java Heap base address is the
#     maximum limit for the native heap growth. Please use -XX:HeapBaseMinAddress
#     to set the Java Heap base and to place the Java Heap above 32GB virtual address.
# This output file may be truncated or incomplete.
#
#  Out of Memory Error (arena.cpp:150), pid=10952, tid=5528
#
# JRE version: OpenJDK Runtime Environment Temurin-22.0.2+9 (22.0.2+9) (build 22.0.2+9)
# Java VM: OpenJDK 64-Bit Server VM Temurin-22.0.2+9 (22.0.2+9, mixed mode, tiered, compressed oops, compressed class ptrs, g1 gc, windows-amd64)
# No core dump will be written. Minidumps are not enabled by default on client versions of Windows
#

---------------  S U M M A R Y ------------

Command Line: --module-path=D:\ApplicationDevelopment\javafx-sdk-24\lib --add-modules=javafx.controls,javafx.fxml -Dfile.encoding=UTF-8 -Dstdout.encoding=UTF-8 -Dstderr.encoding=UTF-8 --module-path=D:\ApplicationDevelopment\javafx-sdk-24\lib\javafx-swt.jar;D:\ApplicationDevelopment\javafx-sdk-24\lib\javafx.base.jar;D:\ApplicationDevelopment\javafx-sdk-24\lib\javafx.controls.jar;D:\ApplicationDevelopment\javafx-sdk-24\lib\javafx.fxml.jar;D:\ApplicationDevelopment\javafx-sdk-24\lib\javafx.graphics.jar;D:\ApplicationDevelopment\javafx-sdk-24\lib\javafx.media.jar;D:\ApplicationDevelopment\javafx-sdk-24\lib\javafx.swing.jar;D:\ApplicationDevelopment\javafx-sdk-24\lib\javafx.web.jar;D:\ApplicationDevelopment\javafx-sdk-24\lib\jdk.jsobject.jar;D:\ApplicationDevelopment\javafx-sdk-24\lib\jfx.incubator.input.jar;D:\ApplicationDevelopment\javafx-sdk-24\lib\jfx.incubator.richtext.jar;C:\Users\HP\.p2\pool\plugins\org.eclipse.fx.ide.css.jfx8_3.10.0.202303150700.jar -XX:+ShowCodeDetailsInExceptionMessages gui.Main

Host: 11th Gen Intel(R) Core(TM) i5-11400H @ 2.70GHz, 12 cores, 31G,  Windows 11 , 64 bit Build 26100 (10.0.26100.3912)
Time: Mon May 26 23:16:35 2025 SE Asia Standard Time elapsed time: 0.894048 seconds (0d 0h 0m 0s)

---------------  T H R E A D  ---------------

Current thread (0x000002e29d3729a0):  JavaThread "C2 CompilerThread0" daemon [_thread_in_native, id=5528, stack(0x000000eca5800000,0x000000eca5900000) (1024K)]


Current CompileTask:
C2:894  936       4       sun.util.locale.BaseLocale::getInstance (150 bytes)

Stack: [0x000000eca5800000,0x000000eca5900000]
Native frames: (J=compiled Java code, j=interpreted, Vv=VM code, C=native code)
V  [jvm.dll+0x6ea6a9]  (no source info available)
V  [jvm.dll+0x8cdbf3]  (no source info available)
V  [jvm.dll+0x8d001e]  (no source info available)
V  [jvm.dll+0x8d06f3]  (no source info available)
V  [jvm.dll+0x286dc6]  (no source info available)
V  [jvm.dll+0xc3b8f]  (no source info available)
V  [jvm.dll+0xc3deb]  (no source info available)
V  [jvm.dll+0x3c1a3c]  (no source info available)
V  [jvm.dll+0x38e45b]  (no source info available)
V  [jvm.dll+0x38d8ba]  (no source info available)
V  [jvm.dll+0x24dd98]  (no source info available)
V  [jvm.dll+0x24d43f]  (no source info available)
V  [jvm.dll+0x1cacf0]  (no source info available)
V  [jvm.dll+0x25d312]  (no source info available)
V  [jvm.dll+0x25b5da]  (no source info available)
V  [jvm.dll+0x3fc036]  (no source info available)
V  [jvm.dll+0x875e6b]  (no source info available)
V  [jvm.dll+0x6e8da5]  (no source info available)
C  [ucrtbase.dll+0x37b0]  (no source info available)
C  [KERNEL32.DLL+0x2e8d7]  (no source info available)
C  [ntdll.dll+0x9c5dc]  (no source info available)


---------------  P R O C E S S  ---------------

Threads class SMR info:
_java_thread_list=0x000002e2a3342620, length=18, elements={
0x000002e2fb4374a0, 0x000002e29d335410, 0x000002e29d336610, 0x000002e29d362930,
0x000002e29d340b70, 0x000002e29d341d70, 0x000002e29d3671d0, 0x000002e29d3729a0,
0x000002e29d377860, 0x000002e29d4afc80, 0x000002e2a2172580, 0x000002e29d66dbd0,
0x000002e2a2970fb0, 0x000002e2a301b3d0, 0x000002e2a34861b0, 0x000002e2a2e168f0,
0x000002e2a2bf8210, 0x000002e2a2d0aa70
}

Java Threads: ( => current thread )
  0x000002e2fb4374a0 JavaThread "main"                              [_thread_blocked, id=7892, stack(0x000000eca4a00000,0x000000eca4b00000) (1024K)]
  0x000002e29d335410 JavaThread "Reference Handler"          daemon [_thread_blocked, id=20712, stack(0x000000eca5200000,0x000000eca5300000) (1024K)]
  0x000002e29d336610 JavaThread "Finalizer"                  daemon [_thread_blocked, id=10972, stack(0x000000eca5300000,0x000000eca5400000) (1024K)]
  0x000002e29d362930 JavaThread "Signal Dispatcher"          daemon [_thread_blocked, id=2496, stack(0x000000eca5400000,0x000000eca5500000) (1024K)]
  0x000002e29d340b70 JavaThread "Attach Listener"            daemon [_thread_blocked, id=19572, stack(0x000000eca5500000,0x000000eca5600000) (1024K)]
  0x000002e29d341d70 JavaThread "Service Thread"             daemon [_thread_blocked, id=12452, stack(0x000000eca5600000,0x000000eca5700000) (1024K)]
  0x000002e29d3671d0 JavaThread "Monitor Deflation Thread"   daemon [_thread_blocked, id=21892, stack(0x000000eca5700000,0x000000eca5800000) (1024K)]
=>0x000002e29d3729a0 JavaThread "C2 CompilerThread0"         daemon [_thread_in_native, id=5528, stack(0x000000eca5800000,0x000000eca5900000) (1024K)]
  0x000002e29d377860 JavaThread "C1 CompilerThread0"         daemon [_thread_in_vm, id=6996, stack(0x000000eca5900000,0x000000eca5a00000) (1024K)]
  0x000002e29d4afc80 JavaThread "Common-Cleaner"             daemon [_thread_blocked, id=8744, stack(0x000000eca5a00000,0x000000eca5b00000) (1024K)]
  0x000002e2a2172580 JavaThread "Notification Thread"        daemon [_thread_blocked, id=13576, stack(0x000000eca5e00000,0x000000eca5f00000) (1024K)]
  0x000002e29d66dbd0 JavaThread "QuantumRenderer-0"          daemon [_thread_blocked, id=6620, stack(0x000000eca5f00000,0x000000eca6000000) (1024K)]
  0x000002e2a2970fb0 JavaThread "InvokeLaterDispatcher"      daemon [_thread_blocked, id=6636, stack(0x000000eca5c00000,0x000000eca5d00000) (1024K)]
  0x000002e2a301b3d0 JavaThread "JavaFX Application Thread"         [_thread_in_native, id=7292, stack(0x000000eca5d00000,0x000000eca5e00000) (1024K)]
  0x000002e2a34861b0 JavaThread "JavaFX-Launcher"                   [_thread_blocked, id=16068, stack(0x000000eca6400000,0x000000eca6500000) (1024K)]
  0x000002e2a2e168f0 JavaThread "Thread-2"                   daemon [_thread_in_native, id=18692, stack(0x000000eca6300000,0x000000eca6400000) (1024K)]
  0x000002e2a2bf8210 JavaThread "C2 CompilerThread1"         daemon [_thread_in_native, id=20068, stack(0x000000eca6500000,0x000000eca6600000) (1024K)]
  0x000002e2a2d0aa70 JavaThread "C2 CompilerThread2"         daemon [_thread_in_native, id=21864, stack(0x000000eca6600000,0x000000eca6700000) (1024K)]
Total: 18

Other Threads:
  0x000002e29d2edf70 VMThread "VM Thread"                           [id=15224, stack(0x000000eca5100000,0x000000eca5200000) (1024K)]
  0x000002e2ffdfd590 WatcherThread "VM Periodic Task Thread"        [id=23440, stack(0x000000eca5000000,0x000000eca5100000) (1024K)]
  0x000002e2fd6fcf30 WorkerThread "GC Thread#0"                     [id=8840, stack(0x000000eca4b00000,0x000000eca4c00000) (1024K)]
  0x000002e29d2eea80 WorkerThread "GC Thread#1"                     [id=18088, stack(0x000000eca6700000,0x000000eca6800000) (1024K)]
  0x000002e29d2ee320 WorkerThread "GC Thread#2"                     [id=20256, stack(0x000000eca6800000,0x000000eca6900000) (1024K)]
  0x000002e29d2ef1e0 WorkerThread "GC Thread#3"                     [id=9492, stack(0x000000eca6900000,0x000000eca6a00000) (1024K)]
  0x000002e29d2ee6d0 WorkerThread "GC Thread#4"                     [id=13128, stack(0x000000eca6a00000,0x000000eca6b00000) (1024K)]
  0x000002e29d2eee30 WorkerThread "GC Thread#5"                     [id=8404, stack(0x000000eca6b00000,0x000000eca6c00000) (1024K)]
  0x000002e29d2ef590 WorkerThread "GC Thread#6"                     [id=22076, stack(0x000000eca6c00000,0x000000eca6d00000) (1024K)]
  0x000002e29d2ef940 WorkerThread "GC Thread#7"                     [id=3864, stack(0x000000eca6d00000,0x000000eca6e00000) (1024K)]
  0x000002e2a30c8860 WorkerThread "GC Thread#8"                     [id=21608, stack(0x000000eca6e00000,0x000000eca6f00000) (1024K)]
  0x000002e2a30c6730 WorkerThread "GC Thread#9"                     [id=20768, stack(0x000000eca6f00000,0x000000eca7000000) (1024K)]
  0x000002e2fd70db70 ConcurrentGCThread "G1 Main Marker"            [id=17196, stack(0x000000eca4c00000,0x000000eca4d00000) (1024K)]
  0x000002e2fd70e940 WorkerThread "G1 Conc#0"                       [id=9460, stack(0x000000eca4d00000,0x000000eca4e00000) (1024K)]
  0x000002e2ffcc6390 ConcurrentGCThread "G1 Refine#0"               [id=6004, stack(0x000000eca4e00000,0x000000eca4f00000) (1024K)]
  0x000002e2ffcc6e20 ConcurrentGCThread "G1 Service"                [id=21036, stack(0x000000eca4f00000,0x000000eca5000000) (1024K)]
Total: 16

Threads with active compile tasks:
C2 CompilerThread0  939  936       4       sun.util.locale.BaseLocale::getInstance (150 bytes)
C1 CompilerThread0  939 1153   !   3       java.util.ResourceBundle$ResourceBundleProviderHelper::loadResourceBundle (215 bytes)
C2 CompilerThread1  939 1061       4       java.lang.StringBuilder::append (8 bytes)
C2 CompilerThread2  939  971       4       sun.util.locale.BaseLocale$Key::<init> (76 bytes)
Total: 4

VM state: not at safepoint (normal execution)

VM Mutex/Monitor currently owned by a thread: None

Heap address: 0x0000000605800000, size: 8104 MB, Compressed Oops mode: Zero based, Oop shift amount: 3

CDS archive(s) not mapped
Compressed class space mapped at: 0x000000000b000000-0x000000004b000000, reserved size: 1073741824
Narrow klass base: 0x0000000000000000, Narrow klass shift: 0, Narrow klass range: 0x4b000000

GC Precious Log:
 CardTable entry size: 512
 Card Set container configuration: InlinePtr #cards 4 size 8 Array Of Cards #cards 32 size 80 Howl #buckets 8 coarsen threshold 7372 Howl Bitmap #cards 1024 size 144 coarsen threshold 921 Card regions per heap region 1 cards per card region 8192
 CPUs: 12 total, 12 available
 Memory: 32405M
 Large Page Support: Disabled
 NUMA Support: Disabled
 Compressed Oops: Enabled (Zero based)
 Heap Region Size: 4M
 Heap Min Capacity: 8M
 Heap Initial Capacity: 508M
 Heap Max Capacity: 8104M
 Pre-touch: Disabled
 Parallel Workers: 10
 Concurrent Workers: 3
 Concurrent Refinement Workers: 10
 Periodic GC: Disabled

Heap:
 garbage-first heap   total reserved 8298496K, committed 520192K, used 6702K [0x0000000605800000, 0x0000000800000000)
  region size 4096K, 3 young (12288K), 1 survivors (4096K)
 Metaspace       used 12285K, committed 12480K, reserved 1114112K
  class space    used 1232K, committed 1280K, reserved 1048576K

Heap Regions: E=young(eden), S=young(survivor), O=old, HS=humongous(starts), HC=humongous(continues), CS=collection set, F=free, TAMS=top-at-mark-start, PB=parsable bottom
|   0|0x0000000605800000, 0x0000000605800000, 0x0000000605c00000|  0%| F|  |TAMS 0x0000000605800000| PB 0x0000000605800000| Untracked |  0
|   1|0x0000000605c00000, 0x0000000605c00000, 0x0000000606000000|  0%| F|  |TAMS 0x0000000605c00000| PB 0x0000000605c00000| Untracked |  0
|   2|0x0000000606000000, 0x0000000606000000, 0x0000000606400000|  0%| F|  |TAMS 0x0000000606000000| PB 0x0000000606000000| Untracked |  0
|   3|0x0000000606400000, 0x0000000606400000, 0x0000000606800000|  0%| F|  |TAMS 0x0000000606400000| PB 0x0000000606400000| Untracked |  0
|   4|0x0000000606800000, 0x0000000606800000, 0x0000000606c00000|  0%| F|  |TAMS 0x0000000606800000| PB 0x0000000606800000| Untracked |  0
|   5|0x0000000606c00000, 0x0000000606c00000, 0x0000000607000000|  0%| F|  |TAMS 0x0000000606c00000| PB 0x0000000606c00000| Untracked |  0
|   6|0x0000000607000000, 0x0000000607000000, 0x0000000607400000|  0%| F|  |TAMS 0x0000000607000000| PB 0x0000000607000000| Untracked |  0
|   7|0x0000000607400000, 0x0000000607400000, 0x0000000607800000|  0%| F|  |TAMS 0x0000000607400000| PB 0x0000000607400000| Untracked |  0
|   8|0x0000000607800000, 0x0000000607800000, 0x0000000607c00000|  0%| F|  |TAMS 0x0000000607800000| PB 0x0000000607800000| Untracked |  0
|   9|0x0000000607c00000, 0x0000000607c00000, 0x0000000608000000|  0%| F|  |TAMS 0x0000000607c00000| PB 0x0000000607c00000| Untracked |  0
|  10|0x0000000608000000, 0x0000000608000000, 0x0000000608400000|  0%| F|  |TAMS 0x0000000608000000| PB 0x0000000608000000| Untracked |  0
|  11|0x0000000608400000, 0x0000000608400000, 0x0000000608800000|  0%| F|  |TAMS 0x0000000608400000| PB 0x0000000608400000| Untracked |  0
|  12|0x0000000608800000, 0x0000000608800000, 0x0000000608c00000|  0%| F|  |TAMS 0x0000000608800000| PB 0x0000000608800000| Untracked |  0
|  13|0x0000000608c00000, 0x0000000608c00000, 0x0000000609000000|  0%| F|  |TAMS 0x0000000608c00000| PB 0x0000000608c00000| Untracked |  0
|  14|0x0000000609000000, 0x0000000609000000, 0x0000000609400000|  0%| F|  |TAMS 0x0000000609000000| PB 0x0000000609000000| Untracked |  0
|  15|0x0000000609400000, 0x0000000609400000, 0x0000000609800000|  0%| F|  |TAMS 0x0000000609400000| PB 0x0000000609400000| Untracked |  0
|  16|0x0000000609800000, 0x0000000609800000, 0x0000000609c00000|  0%| F|  |TAMS 0x0000000609800000| PB 0x0000000609800000| Untracked |  0
|  17|0x0000000609c00000, 0x0000000609c00000, 0x000000060a000000|  0%| F|  |TAMS 0x0000000609c00000| PB 0x0000000609c00000| Untracked |  0
|  18|0x000000060a000000, 0x000000060a000000, 0x000000060a400000|  0%| F|  |TAMS 0x000000060a000000| PB 0x000000060a000000| Untracked |  0
|  19|0x000000060a400000, 0x000000060a400000, 0x000000060a800000|  0%| F|  |TAMS 0x000000060a400000| PB 0x000000060a400000| Untracked |  0
|  20|0x000000060a800000, 0x000000060a800000, 0x000000060ac00000|  0%| F|  |TAMS 0x000000060a800000| PB 0x000000060a800000| Untracked |  0
|  21|0x000000060ac00000, 0x000000060ac00000, 0x000000060b000000|  0%| F|  |TAMS 0x000000060ac00000| PB 0x000000060ac00000| Untracked |  0
|  22|0x000000060b000000, 0x000000060b000000, 0x000000060b400000|  0%| F|  |TAMS 0x000000060b000000| PB 0x000000060b000000| Untracked |  0
|  23|0x000000060b400000, 0x000000060b400000, 0x000000060b800000|  0%| F|  |TAMS 0x000000060b400000| PB 0x000000060b400000| Untracked |  0
|  24|0x000000060b800000, 0x000000060b800000, 0x000000060bc00000|  0%| F|  |TAMS 0x000000060b800000| PB 0x000000060b800000| Untracked |  0
|  25|0x000000060bc00000, 0x000000060bc00000, 0x000000060c000000|  0%| F|  |TAMS 0x000000060bc00000| PB 0x000000060bc00000| Untracked |  0
|  26|0x000000060c000000, 0x000000060c000000, 0x000000060c400000|  0%| F|  |TAMS 0x000000060c000000| PB 0x000000060c000000| Untracked |  0
|  27|0x000000060c400000, 0x000000060c400000, 0x000000060c800000|  0%| F|  |TAMS 0x000000060c400000| PB 0x000000060c400000| Untracked |  0
|  28|0x000000060c800000, 0x000000060c800000, 0x000000060cc00000|  0%| F|  |TAMS 0x000000060c800000| PB 0x000000060c800000| Untracked |  0
|  29|0x000000060cc00000, 0x000000060cc00000, 0x000000060d000000|  0%| F|  |TAMS 0x000000060cc00000| PB 0x000000060cc00000| Untracked |  0
|  30|0x000000060d000000, 0x000000060d000000, 0x000000060d400000|  0%| F|  |TAMS 0x000000060d000000| PB 0x000000060d000000| Untracked |  0
|  31|0x000000060d400000, 0x000000060d400000, 0x000000060d800000|  0%| F|  |TAMS 0x000000060d400000| PB 0x000000060d400000| Untracked |  0
|  32|0x000000060d800000, 0x000000060d800000, 0x000000060dc00000|  0%| F|  |TAMS 0x000000060d800000| PB 0x000000060d800000| Untracked |  0
|  33|0x000000060dc00000, 0x000000060dc00000, 0x000000060e000000|  0%| F|  |TAMS 0x000000060dc00000| PB 0x000000060dc00000| Untracked |  0
|  34|0x000000060e000000, 0x000000060e000000, 0x000000060e400000|  0%| F|  |TAMS 0x000000060e000000| PB 0x000000060e000000| Untracked |  0
|  35|0x000000060e400000, 0x000000060e400000, 0x000000060e800000|  0%| F|  |TAMS 0x000000060e400000| PB 0x000000060e400000| Untracked |  0
|  36|0x000000060e800000, 0x000000060e800000, 0x000000060ec00000|  0%| F|  |TAMS 0x000000060e800000| PB 0x000000060e800000| Untracked |  0
|  37|0x000000060ec00000, 0x000000060ec00000, 0x000000060f000000|  0%| F|  |TAMS 0x000000060ec00000| PB 0x000000060ec00000| Untracked |  0
|  38|0x000000060f000000, 0x000000060f000000, 0x000000060f400000|  0%| F|  |TAMS 0x000000060f000000| PB 0x000000060f000000| Untracked |  0
|  39|0x000000060f400000, 0x000000060f400000, 0x000000060f800000|  0%| F|  |TAMS 0x000000060f400000| PB 0x000000060f400000| Untracked |  0
|  40|0x000000060f800000, 0x000000060f800000, 0x000000060fc00000|  0%| F|  |TAMS 0x000000060f800000| PB 0x000000060f800000| Untracked |  0
|  41|0x000000060fc00000, 0x000000060fc00000, 0x0000000610000000|  0%| F|  |TAMS 0x000000060fc00000| PB 0x000000060fc00000| Untracked |  0
|  42|0x0000000610000000, 0x0000000610000000, 0x0000000610400000|  0%| F|  |TAMS 0x0000000610000000| PB 0x0000000610000000| Untracked |  0
|  43|0x0000000610400000, 0x0000000610400000, 0x0000000610800000|  0%| F|  |TAMS 0x0000000610400000| PB 0x0000000610400000| Untracked |  0
|  44|0x0000000610800000, 0x0000000610800000, 0x0000000610c00000|  0%| F|  |TAMS 0x0000000610800000| PB 0x0000000610800000| Untracked |  0
|  45|0x0000000610c00000, 0x0000000610c00000, 0x0000000611000000|  0%| F|  |TAMS 0x0000000610c00000| PB 0x0000000610c00000| Untracked |  0
|  46|0x0000000611000000, 0x0000000611000000, 0x0000000611400000|  0%| F|  |TAMS 0x0000000611000000| PB 0x0000000611000000| Untracked |  0
|  47|0x0000000611400000, 0x0000000611400000, 0x0000000611800000|  0%| F|  |TAMS 0x0000000611400000| PB 0x0000000611400000| Untracked |  0
|  48|0x0000000611800000, 0x0000000611800000, 0x0000000611c00000|  0%| F|  |TAMS 0x0000000611800000| PB 0x0000000611800000| Untracked |  0
|  49|0x0000000611c00000, 0x0000000611c00000, 0x0000000612000000|  0%| F|  |TAMS 0x0000000611c00000| PB 0x0000000611c00000| Untracked |  0
|  50|0x0000000612000000, 0x0000000612000000, 0x0000000612400000|  0%| F|  |TAMS 0x0000000612000000| PB 0x0000000612000000| Untracked |  0
|  51|0x0000000612400000, 0x0000000612400000, 0x0000000612800000|  0%| F|  |TAMS 0x0000000612400000| PB 0x0000000612400000| Untracked |  0
|  52|0x0000000612800000, 0x0000000612800000, 0x0000000612c00000|  0%| F|  |TAMS 0x0000000612800000| PB 0x0000000612800000| Untracked |  0
|  53|0x0000000612c00000, 0x0000000612c00000, 0x0000000613000000|  0%| F|  |TAMS 0x0000000612c00000| PB 0x0000000612c00000| Untracked |  0
|  54|0x0000000613000000, 0x0000000613000000, 0x0000000613400000|  0%| F|  |TAMS 0x0000000613000000| PB 0x0000000613000000| Untracked |  0
|  55|0x0000000613400000, 0x0000000613400000, 0x0000000613800000|  0%| F|  |TAMS 0x0000000613400000| PB 0x0000000613400000| Untracked |  0
|  56|0x0000000613800000, 0x0000000613800000, 0x0000000613c00000|  0%| F|  |TAMS 0x0000000613800000| PB 0x0000000613800000| Untracked |  0
|  57|0x0000000613c00000, 0x0000000613c00000, 0x0000000614000000|  0%| F|  |TAMS 0x0000000613c00000| PB 0x0000000613c00000| Untracked |  0
|  58|0x0000000614000000, 0x0000000614000000, 0x0000000614400000|  0%| F|  |TAMS 0x0000000614000000| PB 0x0000000614000000| Untracked |  0
|  59|0x0000000614400000, 0x0000000614400000, 0x0000000614800000|  0%| F|  |TAMS 0x0000000614400000| PB 0x0000000614400000| Untracked |  0
|  60|0x0000000614800000, 0x0000000614800000, 0x0000000614c00000|  0%| F|  |TAMS 0x0000000614800000| PB 0x0000000614800000| Untracked |  0
|  61|0x0000000614c00000, 0x0000000614c00000, 0x0000000615000000|  0%| F|  |TAMS 0x0000000614c00000| PB 0x0000000614c00000| Untracked |  0
|  62|0x0000000615000000, 0x0000000615000000, 0x0000000615400000|  0%| F|  |TAMS 0x0000000615000000| PB 0x0000000615000000| Untracked |  0
|  63|0x0000000615400000, 0x0000000615400000, 0x0000000615800000|  0%| F|  |TAMS 0x0000000615400000| PB 0x0000000615400000| Untracked |  0
|  64|0x0000000615800000, 0x0000000615800000, 0x0000000615c00000|  0%| F|  |TAMS 0x0000000615800000| PB 0x0000000615800000| Untracked |  0
|  65|0x0000000615c00000, 0x0000000615c00000, 0x0000000616000000|  0%| F|  |TAMS 0x0000000615c00000| PB 0x0000000615c00000| Untracked |  0
|  66|0x0000000616000000, 0x0000000616000000, 0x0000000616400000|  0%| F|  |TAMS 0x0000000616000000| PB 0x0000000616000000| Untracked |  0
|  67|0x0000000616400000, 0x0000000616400000, 0x0000000616800000|  0%| F|  |TAMS 0x0000000616400000| PB 0x0000000616400000| Untracked |  0
|  68|0x0000000616800000, 0x0000000616800000, 0x0000000616c00000|  0%| F|  |TAMS 0x0000000616800000| PB 0x0000000616800000| Untracked |  0
|  69|0x0000000616c00000, 0x0000000616c00000, 0x0000000617000000|  0%| F|  |TAMS 0x0000000616c00000| PB 0x0000000616c00000| Untracked |  0
|  70|0x0000000617000000, 0x0000000617000000, 0x0000000617400000|  0%| F|  |TAMS 0x0000000617000000| PB 0x0000000617000000| Untracked |  0
|  71|0x0000000617400000, 0x0000000617400000, 0x0000000617800000|  0%| F|  |TAMS 0x0000000617400000| PB 0x0000000617400000| Untracked |  0
|  72|0x0000000617800000, 0x0000000617800000, 0x0000000617c00000|  0%| F|  |TAMS 0x0000000617800000| PB 0x0000000617800000| Untracked |  0
|  73|0x0000000617c00000, 0x0000000617c00000, 0x0000000618000000|  0%| F|  |TAMS 0x0000000617c00000| PB 0x0000000617c00000| Untracked |  0
|  74|0x0000000618000000, 0x0000000618000000, 0x0000000618400000|  0%| F|  |TAMS 0x0000000618000000| PB 0x0000000618000000| Untracked |  0
|  75|0x0000000618400000, 0x0000000618400000, 0x0000000618800000|  0%| F|  |TAMS 0x0000000618400000| PB 0x0000000618400000| Untracked |  0
|  76|0x0000000618800000, 0x0000000618800000, 0x0000000618c00000|  0%| F|  |TAMS 0x0000000618800000| PB 0x0000000618800000| Untracked |  0
|  77|0x0000000618c00000, 0x0000000618c00000, 0x0000000619000000|  0%| F|  |TAMS 0x0000000618c00000| PB 0x0000000618c00000| Untracked |  0
|  78|0x0000000619000000, 0x0000000619000000, 0x0000000619400000|  0%| F|  |TAMS 0x0000000619000000| PB 0x0000000619000000| Untracked |  0
|  79|0x0000000619400000, 0x0000000619400000, 0x0000000619800000|  0%| F|  |TAMS 0x0000000619400000| PB 0x0000000619400000| Untracked |  0
|  80|0x0000000619800000, 0x0000000619800000, 0x0000000619c00000|  0%| F|  |TAMS 0x0000000619800000| PB 0x0000000619800000| Untracked |  0
|  81|0x0000000619c00000, 0x0000000619c00000, 0x000000061a000000|  0%| F|  |TAMS 0x0000000619c00000| PB 0x0000000619c00000| Untracked |  0
|  82|0x000000061a000000, 0x000000061a000000, 0x000000061a400000|  0%| F|  |TAMS 0x000000061a000000| PB 0x000000061a000000| Untracked |  0
|  83|0x000000061a400000, 0x000000061a400000, 0x000000061a800000|  0%| F|  |TAMS 0x000000061a400000| PB 0x000000061a400000| Untracked |  0
|  84|0x000000061a800000, 0x000000061a800000, 0x000000061ac00000|  0%| F|  |TAMS 0x000000061a800000| PB 0x000000061a800000| Untracked |  0
|  85|0x000000061ac00000, 0x000000061ac00000, 0x000000061b000000|  0%| F|  |TAMS 0x000000061ac00000| PB 0x000000061ac00000| Untracked |  0
|  86|0x000000061b000000, 0x000000061b000000, 0x000000061b400000|  0%| F|  |TAMS 0x000000061b000000| PB 0x000000061b000000| Untracked |  0
|  87|0x000000061b400000, 0x000000061b400000, 0x000000061b800000|  0%| F|  |TAMS 0x000000061b400000| PB 0x000000061b400000| Untracked |  0
|  88|0x000000061b800000, 0x000000061b800000, 0x000000061bc00000|  0%| F|  |TAMS 0x000000061b800000| PB 0x000000061b800000| Untracked |  0
|  89|0x000000061bc00000, 0x000000061bc00000, 0x000000061c000000|  0%| F|  |TAMS 0x000000061bc00000| PB 0x000000061bc00000| Untracked |  0
|  90|0x000000061c000000, 0x000000061c000000, 0x000000061c400000|  0%| F|  |TAMS 0x000000061c000000| PB 0x000000061c000000| Untracked |  0
|  91|0x000000061c400000, 0x000000061c400000, 0x000000061c800000|  0%| F|  |TAMS 0x000000061c400000| PB 0x000000061c400000| Untracked |  0
|  92|0x000000061c800000, 0x000000061c800000, 0x000000061cc00000|  0%| F|  |TAMS 0x000000061c800000| PB 0x000000061c800000| Untracked |  0
|  93|0x000000061cc00000, 0x000000061cc00000, 0x000000061d000000|  0%| F|  |TAMS 0x000000061cc00000| PB 0x000000061cc00000| Untracked |  0
|  94|0x000000061d000000, 0x000000061d000000, 0x000000061d400000|  0%| F|  |TAMS 0x000000061d000000| PB 0x000000061d000000| Untracked |  0
|  95|0x000000061d400000, 0x000000061d400000, 0x000000061d800000|  0%| F|  |TAMS 0x000000061d400000| PB 0x000000061d400000| Untracked |  0
|  96|0x000000061d800000, 0x000000061d800000, 0x000000061dc00000|  0%| F|  |TAMS 0x000000061d800000| PB 0x000000061d800000| Untracked |  0
|  97|0x000000061dc00000, 0x000000061dc00000, 0x000000061e000000|  0%| F|  |TAMS 0x000000061dc00000| PB 0x000000061dc00000| Untracked |  0
|  98|0x000000061e000000, 0x000000061e000000, 0x000000061e400000|  0%| F|  |TAMS 0x000000061e000000| PB 0x000000061e000000| Untracked |  0
|  99|0x000000061e400000, 0x000000061e400000, 0x000000061e800000|  0%| F|  |TAMS 0x000000061e400000| PB 0x000000061e400000| Untracked |  0
| 100|0x000000061e800000, 0x000000061e800000, 0x000000061ec00000|  0%| F|  |TAMS 0x000000061e800000| PB 0x000000061e800000| Untracked |  0
| 101|0x000000061ec00000, 0x000000061ec00000, 0x000000061f000000|  0%| F|  |TAMS 0x000000061ec00000| PB 0x000000061ec00000| Untracked |  0
| 102|0x000000061f000000, 0x000000061f000000, 0x000000061f400000|  0%| F|  |TAMS 0x000000061f000000| PB 0x000000061f000000| Untracked |  0
| 103|0x000000061f400000, 0x000000061f400000, 0x000000061f800000|  0%| F|  |TAMS 0x000000061f400000| PB 0x000000061f400000| Untracked |  0
| 104|0x000000061f800000, 0x000000061f800000, 0x000000061fc00000|  0%| F|  |TAMS 0x000000061f800000| PB 0x000000061f800000| Untracked |  0
| 105|0x000000061fc00000, 0x000000061fc00000, 0x0000000620000000|  0%| F|  |TAMS 0x000000061fc00000| PB 0x000000061fc00000| Untracked |  0
| 106|0x0000000620000000, 0x0000000620000000, 0x0000000620400000|  0%| F|  |TAMS 0x0000000620000000| PB 0x0000000620000000| Untracked |  0
| 107|0x0000000620400000, 0x0000000620400000, 0x0000000620800000|  0%| F|  |TAMS 0x0000000620400000| PB 0x0000000620400000| Untracked |  0
| 108|0x0000000620800000, 0x0000000620800000, 0x0000000620c00000|  0%| F|  |TAMS 0x0000000620800000| PB 0x0000000620800000| Untracked |  0
| 109|0x0000000620c00000, 0x0000000620c00000, 0x0000000621000000|  0%| F|  |TAMS 0x0000000620c00000| PB 0x0000000620c00000| Untracked |  0
| 110|0x0000000621000000, 0x0000000621000000, 0x0000000621400000|  0%| F|  |TAMS 0x0000000621000000| PB 0x0000000621000000| Untracked |  0
| 111|0x0000000621400000, 0x0000000621400000, 0x0000000621800000|  0%| F|  |TAMS 0x0000000621400000| PB 0x0000000621400000| Untracked |  0
| 112|0x0000000621800000, 0x0000000621800000, 0x0000000621c00000|  0%| F|  |TAMS 0x0000000621800000| PB 0x0000000621800000| Untracked |  0
| 113|0x0000000621c00000, 0x0000000621c00000, 0x0000000622000000|  0%| F|  |TAMS 0x0000000621c00000| PB 0x0000000621c00000| Untracked |  0
| 114|0x0000000622000000, 0x0000000622000000, 0x0000000622400000|  0%| F|  |TAMS 0x0000000622000000| PB 0x0000000622000000| Untracked |  0
| 115|0x0000000622400000, 0x0000000622400000, 0x0000000622800000|  0%| F|  |TAMS 0x0000000622400000| PB 0x0000000622400000| Untracked |  0
| 116|0x0000000622800000, 0x0000000622800000, 0x0000000622c00000|  0%| F|  |TAMS 0x0000000622800000| PB 0x0000000622800000| Untracked |  0
| 117|0x0000000622c00000, 0x0000000622c00000, 0x0000000623000000|  0%| F|  |TAMS 0x0000000622c00000| PB 0x0000000622c00000| Untracked |  0
| 118|0x0000000623000000, 0x0000000623000000, 0x0000000623400000|  0%| F|  |TAMS 0x0000000623000000| PB 0x0000000623000000| Untracked |  0
| 119|0x0000000623400000, 0x0000000623400000, 0x0000000623800000|  0%| F|  |TAMS 0x0000000623400000| PB 0x0000000623400000| Untracked |  0
| 120|0x0000000623800000, 0x0000000623a8bb50, 0x0000000623c00000| 63%| S|CS|TAMS 0x0000000623800000| PB 0x0000000623800000| Complete |  0
| 121|0x0000000623c00000, 0x0000000623c00000, 0x0000000624000000|  0%| F|  |TAMS 0x0000000623c00000| PB 0x0000000623c00000| Untracked |  0
| 122|0x0000000624000000, 0x0000000624000000, 0x0000000624400000|  0%| F|  |TAMS 0x0000000624000000| PB 0x0000000624000000| Untracked |  0
| 123|0x0000000624400000, 0x0000000624400000, 0x0000000624800000|  0%| F|  |TAMS 0x0000000624400000| PB 0x0000000624400000| Untracked |  0
| 124|0x0000000624800000, 0x0000000624800000, 0x0000000624c00000|  0%| F|  |TAMS 0x0000000624800000| PB 0x0000000624800000| Untracked |  0
| 125|0x0000000624c00000, 0x0000000624ecbd90, 0x0000000625000000| 69%| E|  |TAMS 0x0000000624c00000| PB 0x0000000624c00000| Complete |  0
| 126|0x0000000625000000, 0x0000000625400000, 0x0000000625400000|100%| E|CS|TAMS 0x0000000625000000| PB 0x0000000625000000| Complete |  0

Card table byte_map: [0x000002e2fec40000,0x000002e2ffc20000] _byte_map_base: 0x000002e2fbc14000

Marking Bits: (CMBitMap*) 0x000002e2fd6fd550
 Bits: [0x000002e292a30000, 0x000002e29a8d0000)

Polling page: 0x000002e2fb590000

Metaspace:

Usage:
  Non-class:     10.80 MB used.
      Class:      1.20 MB used.
       Both:     12.00 MB used.

Virtual space:
  Non-class space:       64.00 MB reserved,      10.94 MB ( 17%) committed,  1 nodes.
      Class space:        1.00 GB reserved,       1.25 MB ( <1%) committed,  1 nodes.
             Both:        1.06 GB reserved,      12.19 MB (  1%) committed. 

Chunk freelists:
   Non-Class:  4.53 MB
       Class:  14.62 MB
        Both:  19.16 MB

MaxMetaspaceSize: unlimited
CompressedClassSpaceSize: 1.00 GB
Initial GC threshold: 21.00 MB
Current GC threshold: 21.00 MB
CDS: off
 - commit_granule_bytes: 65536.
 - commit_granule_words: 8192.
 - virtual_space_node_default_size: 8388608.
 - enlarge_chunks_in_place: 1.
 - use_allocation_guard: 0.


Internal statistics:

num_allocs_failed_limit: 0.
num_arena_births: 120.
num_arena_deaths: 0.
num_vsnodes_births: 2.
num_vsnodes_deaths: 0.
num_space_committed: 195.
num_space_uncommitted: 0.
num_chunks_returned_to_freelist: 0.
num_chunks_taken_from_freelist: 259.
num_chunk_merges: 0.
num_chunk_splits: 164.
num_chunks_enlarged: 108.
num_inconsistent_stats: 0.

CodeHeap 'non-profiled nmethods': size=120000Kb used=398Kb max_used=398Kb free=119601Kb
 bounds [0x000002e28b500000, 0x000002e28b770000, 0x000002e292a30000]
CodeHeap 'profiled nmethods': size=120000Kb used=1889Kb max_used=1889Kb free=118110Kb
 bounds [0x000002e283a30000, 0x000002e283ca0000, 0x000002e28af60000]
CodeHeap 'non-nmethods': size=5760Kb used=1511Kb max_used=1543Kb free=4248Kb
 bounds [0x000002e28af60000, 0x000002e28b1d0000, 0x000002e28b500000]
 total_blobs=1629 nmethods=1148 adapters=386
 compilation: enabled
              stopped_count=0, restarted_count=0
 full_count=0

Compilation events (20 events):
Event: 0.885 Thread 0x000002e2a2d0aa70 nmethod 970 0x000002e28b555310 code [0x000002e28b5554a0, 0x000002e28b555630]
Event: 0.886 Thread 0x000002e2a2d0aa70  942   !   4       java.lang.ref.ReferenceQueue::poll (40 bytes)
Event: 0.886 Thread 0x000002e29d377860  977       3       java.lang.invoke.MemberName::changeReferenceKind (46 bytes)
Event: 0.886 Thread 0x000002e29d377860 nmethod 977 0x000002e283b98210 code [0x000002e283b983a0, 0x000002e283b984d0]
Event: 0.886 Thread 0x000002e29d377860  978       3       java.lang.String::rangeCheck (10 bytes)
Event: 0.887 Thread 0x000002e29d377860 nmethod 978 0x000002e283b98590 code [0x000002e283b98740, 0x000002e283b989b0]
Event: 0.887 Thread 0x000002e2a2d0aa70 nmethod 942 0x000002e28b555790 code [0x000002e28b555900, 0x000002e28b5559a0]
Event: 0.887 Thread 0x000002e2a2d0aa70  960       4       sun.util.locale.StringTokenIterator::next (74 bytes)
Event: 0.887 Thread 0x000002e29d377860  979 %     3       java.util.Properties$LineReader::readLine @ 224 (584 bytes)
Event: 0.887 Thread 0x000002e2a2bf8210 nmethod 941 0x000002e28b555a90 code [0x000002e28b555c40, 0x000002e28b555df8]
Event: 0.888 Thread 0x000002e2a2bf8210  959       4       sun.util.locale.InternalLocaleBuilder::clearExtensions (50 bytes)
Event: 0.889 Thread 0x000002e2a2bf8210 nmethod 959 0x000002e28b555f90 code [0x000002e28b556120, 0x000002e28b556200]
Event: 0.889 Thread 0x000002e2a2bf8210  961       4       sun.util.locale.LocaleObjectCache::get (126 bytes)
Event: 0.889 Thread 0x000002e29d377860 nmethod 979% 0x000002e283b98b10 code [0x000002e283b98f00, 0x000002e283b9b9a0]
Event: 0.890 Thread 0x000002e29d377860  981       3       sun.invoke.util.VerifyAccess::isTypeVisible (47 bytes)
Event: 0.890 Thread 0x000002e29d377860 nmethod 981 0x000002e283b9c690 code [0x000002e283b9c880, 0x000002e283b9cc78]
Event: 0.890 Thread 0x000002e29d377860  980       3       jdk.internal.org.objectweb.asm.Label::resolve (219 bytes)
Event: 0.891 Thread 0x000002e29d377860 nmethod 980 0x000002e283b9ce90 code [0x000002e283b9d060, 0x000002e283b9d558]
Event: 0.891 Thread 0x000002e29d377860  982       3       java.nio.Buffer::hasRemaining (17 bytes)
Event: 0.892 Thread 0x000002e29d377860 nmethod 982 0x000002e283b9d810 code [0x000002e283b9d9a0, 0x000002e283b9db08]

GC Heap History (2 events):
Event: 0.858 GC heap before
{Heap before GC invocations=0 (full 0):
 garbage-first heap   total reserved 8298496K, committed 520192K, used 24576K [0x0000000605800000, 0x0000000800000000)
  region size 4096K, 6 young (24576K), 0 survivors (0K)
 Metaspace       used 11704K, committed 11840K, reserved 1114112K
  class space    used 1183K, committed 1216K, reserved 1048576K
}
Event: 0.860 GC heap after
{Heap after GC invocations=1 (full 0):
 garbage-first heap   total reserved 8298496K, committed 520192K, used 2606K [0x0000000605800000, 0x0000000800000000)
  region size 4096K, 1 young (4096K), 1 survivors (4096K)
 Metaspace       used 11704K, committed 11840K, reserved 1114112K
  class space    used 1183K, committed 1216K, reserved 1048576K
}

Dll operation events (20 events):
Event: 0.283 Loaded shared library D:\ApplicationDevelopment\javafx-sdk-24\bin\api-ms-win-crt-locale-l1-1-0.dll
Event: 0.283 Loaded shared library D:\ApplicationDevelopment\javafx-sdk-24\bin\api-ms-win-crt-math-l1-1-0.dll
Event: 0.284 Loaded shared library D:\ApplicationDevelopment\javafx-sdk-24\bin\api-ms-win-crt-multibyte-l1-1-0.dll
Event: 0.284 Loaded shared library D:\ApplicationDevelopment\javafx-sdk-24\bin\api-ms-win-crt-private-l1-1-0.dll
Event: 0.285 Loaded shared library D:\ApplicationDevelopment\javafx-sdk-24\bin\api-ms-win-crt-process-l1-1-0.dll
Event: 0.285 Loaded shared library D:\ApplicationDevelopment\javafx-sdk-24\bin\api-ms-win-crt-runtime-l1-1-0.dll
Event: 0.286 Loaded shared library D:\ApplicationDevelopment\javafx-sdk-24\bin\api-ms-win-crt-stdio-l1-1-0.dll
Event: 0.286 Loaded shared library D:\ApplicationDevelopment\javafx-sdk-24\bin\api-ms-win-crt-string-l1-1-0.dll
Event: 0.286 Loaded shared library D:\ApplicationDevelopment\javafx-sdk-24\bin\api-ms-win-crt-time-l1-1-0.dll
Event: 0.287 Loaded shared library D:\ApplicationDevelopment\javafx-sdk-24\bin\api-ms-win-crt-utility-l1-1-0.dll
Event: 0.288 Loaded shared library D:\ApplicationDevelopment\javafx-sdk-24\bin\ucrtbase.dll
Event: 0.288 Loaded shared library D:\ApplicationDevelopment\javafx-sdk-24\bin\vcruntime140.dll
Event: 0.288 Loaded shared library D:\ApplicationDevelopment\javafx-sdk-24\bin\vcruntime140_1.dll
Event: 0.289 Loaded shared library D:\ApplicationDevelopment\javafx-sdk-24\bin\msvcp140.dll
Event: 0.289 Loaded shared library D:\ApplicationDevelopment\javafx-sdk-24\bin\msvcp140_1.dll
Event: 0.290 Loaded shared library D:\ApplicationDevelopment\javafx-sdk-24\bin\msvcp140_2.dll
Event: 0.312 Loaded shared library D:\ApplicationDevelopment\javafx-sdk-24\bin\prism_d3d.dll
Event: 0.734 Loaded shared library D:\ApplicationDevelopment\javafx-sdk-24\bin\prism_sw.dll
Event: 0.746 Loaded shared library D:\ApplicationDevelopment\javafx-sdk-24\bin\glass.dll
Event: 0.820 Loaded shared library C:\Users\HP\.p2\pool\plugins\org.eclipse.justj.openjdk.hotspot.jre.full.win32.x86_64_22.0.2.v20240802-1626\jre\bin\jimage.dll

Deoptimization events (20 events):
Event: 0.259 Thread 0x000002e2fb4374a0 Uncommon trap: trap_request=0xffffffde fr.pc=0x000002e28b52cf1c relative=0x00000000000000fc
Event: 0.259 Thread 0x000002e2fb4374a0 Uncommon trap: reason=class_check action=maybe_recompile pc=0x000002e28b52cf1c method=jdk.internal.misc.Unsafe.allocateUninitializedArray(Ljava/lang/Class;I)Ljava/lang/Object; @ 51 c2
Event: 0.259 Thread 0x000002e2fb4374a0 DEOPT PACKING pc=0x000002e28b52cf1c sp=0x000000eca4afd570
Event: 0.259 Thread 0x000002e2fb4374a0 DEOPT UNPACKING pc=0x000002e28afb7da2 sp=0x000000eca4afd4e8 mode 2
Event: 0.744 Thread 0x000002e2fb4374a0 Uncommon trap: trap_request=0xffffffc6 fr.pc=0x000002e28b51ecb0 relative=0x0000000000000e50
Event: 0.744 Thread 0x000002e2fb4374a0 Uncommon trap: reason=bimorphic_or_optimized_type_check action=maybe_recompile pc=0x000002e28b51ecb0 method=java.util.HashMap.putVal(ILjava/lang/Object;Ljava/lang/Object;ZZ)Ljava/lang/Object; @ 56 c2
Event: 0.744 Thread 0x000002e2fb4374a0 DEOPT PACKING pc=0x000002e28b51ecb0 sp=0x000000eca4afdb50
Event: 0.744 Thread 0x000002e2fb4374a0 DEOPT UNPACKING pc=0x000002e28afb7da2 sp=0x000000eca4afdad8 mode 2
Event: 0.744 Thread 0x000002e2fb4374a0 Uncommon trap: trap_request=0xffffffc6 fr.pc=0x000002e28b51ecb0 relative=0x0000000000000e50
Event: 0.744 Thread 0x000002e2fb4374a0 Uncommon trap: reason=bimorphic_or_optimized_type_check action=maybe_recompile pc=0x000002e28b51ecb0 method=java.util.HashMap.putVal(ILjava/lang/Object;Ljava/lang/Object;ZZ)Ljava/lang/Object; @ 56 c2
Event: 0.744 Thread 0x000002e2fb4374a0 DEOPT PACKING pc=0x000002e28b51ecb0 sp=0x000000eca4afdb50
Event: 0.744 Thread 0x000002e2fb4374a0 DEOPT UNPACKING pc=0x000002e28afb7da2 sp=0x000000eca4afdad8 mode 2
Event: 0.744 Thread 0x000002e2fb4374a0 Uncommon trap: trap_request=0xffffffc6 fr.pc=0x000002e28b51ecb0 relative=0x0000000000000e50
Event: 0.744 Thread 0x000002e2fb4374a0 Uncommon trap: reason=bimorphic_or_optimized_type_check action=maybe_recompile pc=0x000002e28b51ecb0 method=java.util.HashMap.putVal(ILjava/lang/Object;Ljava/lang/Object;ZZ)Ljava/lang/Object; @ 56 c2
Event: 0.744 Thread 0x000002e2fb4374a0 DEOPT PACKING pc=0x000002e28b51ecb0 sp=0x000000eca4afdb50
Event: 0.744 Thread 0x000002e2fb4374a0 DEOPT UNPACKING pc=0x000002e28afb7da2 sp=0x000000eca4afdad8 mode 2
Event: 0.744 Thread 0x000002e2fb4374a0 Uncommon trap: trap_request=0xffffffc6 fr.pc=0x000002e28b51ecb0 relative=0x0000000000000e50
Event: 0.744 Thread 0x000002e2fb4374a0 Uncommon trap: reason=bimorphic_or_optimized_type_check action=maybe_recompile pc=0x000002e28b51ecb0 method=java.util.HashMap.putVal(ILjava/lang/Object;Ljava/lang/Object;ZZ)Ljava/lang/Object; @ 56 c2
Event: 0.744 Thread 0x000002e2fb4374a0 DEOPT PACKING pc=0x000002e28b51ecb0 sp=0x000000eca4afdb50
Event: 0.744 Thread 0x000002e2fb4374a0 DEOPT UNPACKING pc=0x000002e28afb7da2 sp=0x000000eca4afdad8 mode 2

Classes loaded (20 events):
Event: 0.891 Loading class java/nio/CharBuffer
Event: 0.891 Loading class java/nio/CharBuffer done
Event: 0.891 Loading class java/nio/HeapCharBuffer
Event: 0.891 Loading class java/nio/HeapCharBuffer done
Event: 0.891 Loading class java/nio/charset/CoderResult
Event: 0.891 Loading class java/nio/charset/CoderResult done
Event: 0.891 Loading class java/util/Properties$EntrySet
Event: 0.892 Loading class java/util/Properties$EntrySet done
Event: 0.892 Loading class java/util/Collections$SynchronizedSet
Event: 0.892 Loading class java/util/Collections$SynchronizedCollection
Event: 0.892 Loading class java/util/Collections$SynchronizedCollection done
Event: 0.892 Loading class java/util/Collections$SynchronizedSet done
Event: 0.892 Loading class java/util/ResourceBundle$BundleReference
Event: 0.892 Loading class java/util/ResourceBundle$BundleReference done
Event: 0.892 Loading class jdk/internal/loader/URLClassPath$JarLoader
Event: 0.892 Loading class jdk/internal/loader/URLClassPath$JarLoader done
Event: 0.892 Loading class jdk/internal/loader/URLClassPath$JarLoader$1
Event: 0.892 Loading class jdk/internal/loader/URLClassPath$JarLoader$1 done
Event: 0.893 Loading class jdk/internal/loader/FileURLMapper
Event: 0.893 Loading class jdk/internal/loader/FileURLMapper done

Classes unloaded (0 events):
No events

Classes redefined (0 events):
No events

Internal exceptions (14 events):
Event: 0.232 Thread 0x000002e2fb4374a0 Exception <a 'java/lang/NoSuchMethodError'{0x000000062496e538}: 'void java.lang.invoke.DirectMethodHandle$Holder.invokeStatic(java.lang.Object, java.lang.Object, java.lang.Object, java.lang.Object)'> (0x000000062496e538) 
thrown [s\src\hotspot\share\interpreter\linkResolver.cpp, line 774]
Event: 0.232 Thread 0x000002e2fb4374a0 Exception <a 'java/lang/NoSuchMethodError'{0x0000000624972310}: 'void java.lang.invoke.DirectMethodHandle$Holder.invokeSpecial(java.lang.Object, java.lang.Object, java.lang.Object, java.lang.Object, java.lang.Object)'> (0x0000000624972310) 
thrown [s\src\hotspot\share\interpreter\linkResolver.cpp, line 774]
Event: 0.236 Thread 0x000002e2fb4374a0 Exception <a 'java/lang/NoSuchMethodError'{0x00000006249859f8}: 'java.lang.Object java.lang.invoke.Invokers$Holder.invokeExact_MT(java.lang.Object, java.lang.Object, java.lang.Object, java.lang.Object, java.lang.Object, java.lang.Object)'> (0x00000006249859f8) 
thrown [s\src\hotspot\share\interpreter\linkResolver.cpp, line 774]
Event: 0.237 Thread 0x000002e2fb4374a0 Exception <a 'java/lang/NoSuchMethodError'{0x000000062498a858}: 'void java.lang.invoke.DirectMethodHandle$Holder.invokeStatic(java.lang.Object, java.lang.Object)'> (0x000000062498a858) 
thrown [s\src\hotspot\share\interpreter\linkResolver.cpp, line 774]
Event: 0.302 Thread 0x000002e2fb4374a0 Exception <a 'java/lang/NoSuchMethodError'{0x0000000624510da0}: 'void java.lang.invoke.DirectMethodHandle$Holder.invokeSpecial(java.lang.Object, java.lang.Object, java.lang.Object)'> (0x0000000624510da0) 
thrown [s\src\hotspot\share\interpreter\linkResolver.cpp, line 774]
Event: 0.308 Thread 0x000002e2fb4374a0 Exception <a 'java/lang/NoSuchMethodError'{0x0000000624547298}: 'void java.lang.invoke.DirectMethodHandle$Holder.invokeStatic(java.lang.Object, java.lang.Object, java.lang.Object)'> (0x0000000624547298) 
thrown [s\src\hotspot\share\interpreter\linkResolver.cpp, line 774]
Event: 0.737 Thread 0x000002e2fb4374a0 Exception <a 'java/lang/NoSuchMethodError'{0x00000006245672d0}: 'int java.lang.invoke.DirectMethodHandle$Holder.invokeStaticInit(java.lang.Object, java.lang.Object, java.lang.Object)'> (0x00000006245672d0) 
thrown [s\src\hotspot\share\interpreter\linkResolver.cpp, line 774]
Event: 0.748 Thread 0x000002e2fb4374a0 Exception <a 'java/lang/NoSuchMethodError'{0x00000006246b1390}: 'java.lang.Object java.lang.invoke.DirectMethodHandle$Holder.newInvokeSpecial(java.lang.Object, java.lang.Object, int, java.lang.Object)'> (0x00000006246b1390) 
thrown [s\src\hotspot\share\interpreter\linkResolver.cpp, line 774]
Event: 0.749 Thread 0x000002e2fb4374a0 Exception <a 'java/lang/NoSuchMethodError'{0x00000006246b55c8}: 'java.lang.Object java.lang.invoke.DirectMethodHandle$Holder.invokeSpecial(java.lang.Object, java.lang.Object, java.lang.Object, int, java.lang.Object)'> (0x00000006246b55c8) 
thrown [s\src\hotspot\share\interpreter\linkResolver.cpp, line 774]
Event: 0.793 Thread 0x000002e2a301b3d0 Exception <a 'java/lang/NoSuchMethodError'{0x00000006241894f8}: 'void java.lang.invoke.DirectMethodHandle$Holder.invokeStaticInit(java.lang.Object)'> (0x00000006241894f8) 
thrown [s\src\hotspot\share\interpreter\linkResolver.cpp, line 774]
Event: 0.796 Thread 0x000002e2fb4374a0 Exception <a 'java/lang/NoSuchMethodError'{0x00000006246c2e18}: 'java.lang.Object java.lang.invoke.DirectMethodHandle$Holder.newInvokeSpecial(java.lang.Object, java.lang.Object, java.lang.Object, java.lang.Object, java.lang.Object, java.lang.Object)'> (0x00000006246c2e18) 
thrown [s\src\hotspot\share\interpreter\linkResolver.cpp, line 774]
Event: 0.802 Thread 0x000002e2fb4374a0 Exception <a 'java/lang/NoSuchMethodError'{0x00000006246f9c50}: 'java.lang.Object java.lang.invoke.DirectMethodHandle$Holder.newInvokeSpecial(java.lang.Object, java.lang.Object, java.lang.Object, java.lang.Object, java.lang.Object)'> (0x00000006246f9c50) 
thrown [s\src\hotspot\share\interpreter\linkResolver.cpp, line 774]
Event: 0.889 Thread 0x000002e2a301b3d0 Exception <a 'java/lang/ClassNotFoundException'{0x00000006253b7fa0}: com/sun/glass/ui/win/themes> (0x00000006253b7fa0) 
thrown [s\src\hotspot\share\prims\jni.cpp, line 539]
Event: 0.892 Thread 0x000002e2a301b3d0 Exception <a 'java/lang/ClassNotFoundException'{0x00000006253c41c0}: com/sun/glass/ui/win/themes_he> (0x00000006253c41c0) 
thrown [s\src\hotspot\share\prims\jni.cpp, line 539]

ZGC Phase Switch (0 events):
No events

VM Operations (12 events):
Event: 0.143 Executing VM operation: HandshakeAllThreads (Deoptimize)
Event: 0.143 Executing VM operation: HandshakeAllThreads (Deoptimize) done
Event: 0.191 Executing VM operation: HandshakeAllThreads (Deoptimize)
Event: 0.191 Executing VM operation: HandshakeAllThreads (Deoptimize) done
Event: 0.743 Executing VM operation: HandshakeAllThreads (Deoptimize)
Event: 0.743 Executing VM operation: HandshakeAllThreads (Deoptimize) done
Event: 0.835 Executing VM operation: HandshakeAllThreads (Deoptimize)
Event: 0.835 Executing VM operation: HandshakeAllThreads (Deoptimize) done
Event: 0.843 Executing VM operation: ICBufferFull
Event: 0.843 Executing VM operation: ICBufferFull done
Event: 0.858 Executing VM operation: G1CollectForAllocation (G1 Evacuation Pause)
Event: 0.860 Executing VM operation: G1CollectForAllocation (G1 Evacuation Pause) done

Memory protections (0 events):
No events

Nmethod flushes (0 events):
No events

Events (20 events):
Event: 0.056 Thread 0x000002e2fb4374a0 Thread added: 0x000002e29d336610
Event: 0.057 Thread 0x000002e2fb4374a0 Thread added: 0x000002e29d362930
Event: 0.057 Thread 0x000002e2fb4374a0 Thread added: 0x000002e29d340b70
Event: 0.057 Thread 0x000002e2fb4374a0 Thread added: 0x000002e29d341d70
Event: 0.057 Thread 0x000002e2fb4374a0 Thread added: 0x000002e29d3671d0
Event: 0.057 Thread 0x000002e2fb4374a0 Thread added: 0x000002e29d3729a0
Event: 0.057 Thread 0x000002e2fb4374a0 Thread added: 0x000002e29d377860
Event: 0.108 Thread 0x000002e2fb4374a0 Thread added: 0x000002e29d4afc80
Event: 0.165 Thread 0x000002e29d3729a0 Thread added: 0x000002e29d60e770
Event: 0.171 Thread 0x000002e29d377860 Thread added: 0x000002e29d66d2a0
Event: 0.199 Thread 0x000002e2fb4374a0 Thread added: 0x000002e2a2172580
Event: 0.308 Thread 0x000002e2fb4374a0 Thread added: 0x000002e29d66dbd0
Event: 0.670 Thread 0x000002e29d66d2a0 Thread exited: 0x000002e29d66d2a0
Event: 0.670 Thread 0x000002e29d60e770 Thread exited: 0x000002e29d60e770
Event: 0.747 Thread 0x000002e2fb4374a0 Thread added: 0x000002e2a2970fb0
Event: 0.749 Thread 0x000002e2fb4374a0 Thread added: 0x000002e2a301b3d0
Event: 0.802 Thread 0x000002e2fb4374a0 Thread added: 0x000002e2a34861b0
Event: 0.813 Thread 0x000002e2a2e168f0 Thread added: 0x000002e2a2e168f0
Event: 0.853 Thread 0x000002e29d3729a0 Thread added: 0x000002e2a2bf8210
Event: 0.857 Thread 0x000002e29d3729a0 Thread added: 0x000002e2a2d0aa70


Dynamic libraries:
0x00007ff6ff0d0000 - 0x00007ff6ff0de000 	C:\Users\HP\.p2\pool\plugins\org.eclipse.justj.openjdk.hotspot.jre.full.win32.x86_64_22.0.2.v20240802-1626\jre\bin\javaw.exe
0x00007ff8a7c20000 - 0x00007ff8a7e86000 	C:\WINDOWS\SYSTEM32\ntdll.dll
0x00007ff8a6a70000 - 0x00007ff8a6b39000 	C:\WINDOWS\System32\KERNEL32.DLL
0x00007ff8a5610000 - 0x00007ff8a59dc000 	C:\WINDOWS\System32\KERNELBASE.dll
0x00007ff8a4e40000 - 0x00007ff8a4f8b000 	C:\WINDOWS\System32\ucrtbase.dll
0x00007ff89d0e0000 - 0x00007ff89d0f7000 	C:\Users\HP\.p2\pool\plugins\org.eclipse.justj.openjdk.hotspot.jre.full.win32.x86_64_22.0.2.v20240802-1626\jre\bin\jli.dll
0x00007ff89d0c0000 - 0x00007ff89d0db000 	C:\Users\HP\.p2\pool\plugins\org.eclipse.justj.openjdk.hotspot.jre.full.win32.x86_64_22.0.2.v20240802-1626\jre\bin\VCRUNTIME140.dll
0x00007ff8a77b0000 - 0x00007ff8a797a000 	C:\WINDOWS\System32\USER32.dll
0x00007ff87f320000 - 0x00007ff87f5ba000 	C:\WINDOWS\WinSxS\amd64_microsoft.windows.common-controls_6595b64144ccf1df_6.0.26100.3912_none_3e07963ce335137e\COMCTL32.dll
0x00007ff8a5460000 - 0x00007ff8a5487000 	C:\WINDOWS\System32\win32u.dll
0x00007ff8a6430000 - 0x00007ff8a64d9000 	C:\WINDOWS\System32\msvcrt.dll
0x00007ff8a6380000 - 0x00007ff8a63ab000 	C:\WINDOWS\System32\GDI32.dll
0x00007ff8a5050000 - 0x00007ff8a5182000 	C:\WINDOWS\System32\gdi32full.dll
0x00007ff8a5230000 - 0x00007ff8a52d3000 	C:\WINDOWS\System32\msvcp_win.dll
0x00007ff8a5f30000 - 0x00007ff8a5f60000 	C:\WINDOWS\System32\IMM32.DLL
0x00007ff89d0b0000 - 0x00007ff89d0bc000 	C:\Users\HP\.p2\pool\plugins\org.eclipse.justj.openjdk.hotspot.jre.full.win32.x86_64_22.0.2.v20240802-1626\jre\bin\vcruntime140_1.dll
0x00007ff883600000 - 0x00007ff88368e000 	C:\Users\HP\.p2\pool\plugins\org.eclipse.justj.openjdk.hotspot.jre.full.win32.x86_64_22.0.2.v20240802-1626\jre\bin\msvcp140.dll
0x00007ff842e90000 - 0x00007ff843c53000 	C:\Users\HP\.p2\pool\plugins\org.eclipse.justj.openjdk.hotspot.jre.full.win32.x86_64_22.0.2.v20240802-1626\jre\bin\server\jvm.dll
0x00007ff8a6b40000 - 0x00007ff8a6bf2000 	C:\WINDOWS\System32\ADVAPI32.dll
0x00007ff8a6530000 - 0x00007ff8a65d6000 	C:\WINDOWS\System32\sechost.dll
0x00007ff8a6050000 - 0x00007ff8a6166000 	C:\WINDOWS\System32\RPCRT4.dll
0x00007ff8a6c00000 - 0x00007ff8a6c74000 	C:\WINDOWS\System32\WS2_32.dll
0x00007ff897610000 - 0x00007ff897646000 	C:\WINDOWS\SYSTEM32\WINMM.dll
0x00007ff8a39c0000 - 0x00007ff8a3a1e000 	C:\WINDOWS\SYSTEM32\POWRPROF.dll
0x00007ff899b70000 - 0x00007ff899b7b000 	C:\WINDOWS\SYSTEM32\VERSION.dll
0x00007ff8a39a0000 - 0x00007ff8a39b4000 	C:\WINDOWS\SYSTEM32\UMPDC.dll
0x00007ff8a3c90000 - 0x00007ff8a3caa000 	C:\WINDOWS\SYSTEM32\kernel.appcore.dll
0x00007ff89d060000 - 0x00007ff89d06a000 	C:\Users\HP\.p2\pool\plugins\org.eclipse.justj.openjdk.hotspot.jre.full.win32.x86_64_22.0.2.v20240802-1626\jre\bin\jimage.dll
0x00007ff8a23a0000 - 0x00007ff8a25e1000 	C:\WINDOWS\SYSTEM32\DBGHELP.DLL
0x00007ff8a5ba0000 - 0x00007ff8a5f24000 	C:\WINDOWS\System32\combase.dll
0x00007ff8a6cb0000 - 0x00007ff8a6d90000 	C:\WINDOWS\System32\OLEAUT32.dll
0x00007ff87c8e0000 - 0x00007ff87c919000 	C:\WINDOWS\SYSTEM32\dbgcore.DLL
0x00007ff8a5190000 - 0x00007ff8a5229000 	C:\WINDOWS\System32\bcryptPrimitives.dll
0x00007ff875bb0000 - 0x00007ff875bce000 	C:\Users\HP\.p2\pool\plugins\org.eclipse.justj.openjdk.hotspot.jre.full.win32.x86_64_22.0.2.v20240802-1626\jre\bin\java.dll
0x00007ff8a6dd0000 - 0x00007ff8a74fd000 	C:\WINDOWS\System32\SHELL32.dll
0x00007ff8a5490000 - 0x00007ff8a5604000 	C:\WINDOWS\System32\wintypes.dll
0x00007ff8a59f0000 - 0x00007ff8a5b8f000 	C:\WINDOWS\System32\ole32.dll
0x00007ff85f550000 - 0x00007ff85f567000 	C:\Users\HP\.p2\pool\plugins\org.eclipse.justj.openjdk.hotspot.jre.full.win32.x86_64_22.0.2.v20240802-1626\jre\bin\zip.dll
0x00007ff8a2a30000 - 0x00007ff8a3286000 	C:\WINDOWS\SYSTEM32\windows.storage.dll
0x00007ff8a6170000 - 0x00007ff8a625f000 	C:\WINDOWS\System32\SHCORE.dll
0x00007ff8a5fe0000 - 0x00007ff8a6049000 	C:\WINDOWS\System32\shlwapi.dll
0x00007ff8a4cc0000 - 0x00007ff8a4cef000 	C:\WINDOWS\SYSTEM32\profapi.dll
0x00007ff89d020000 - 0x00007ff89d030000 	C:\Users\HP\.p2\pool\plugins\org.eclipse.justj.openjdk.hotspot.jre.full.win32.x86_64_22.0.2.v20240802-1626\jre\bin\net.dll
0x00007ff884dd0000 - 0x00007ff8850ba000 	C:\Windows\GearUPBooster\lsp64.dll
0x00007ff8a52e0000 - 0x00007ff8a5457000 	C:\WINDOWS\System32\CRYPT32.dll
0x00007ff8a36b0000 - 0x00007ff8a36e3000 	C:\WINDOWS\SYSTEM32\IPHLPAPI.DLL
0x00007ff8a4200000 - 0x00007ff8a426a000 	C:\WINDOWS\system32\mswsock.dll
0x00007ff8a4db0000 - 0x00007ff8a4e30000 	C:\WINDOWS\System32\WINTRUST.DLL
0x00007ff8a4510000 - 0x00007ff8a4523000 	C:\WINDOWS\SYSTEM32\MSASN1.dll
0x00007ff8a6c80000 - 0x00007ff8a6ca0000 	C:\WINDOWS\System32\imagehlp.dll
0x00007ff8a44a0000 - 0x00007ff8a44bc000 	C:\WINDOWS\SYSTEM32\CRYPTSP.dll
0x00007ff8a3bf0000 - 0x00007ff8a3c2a000 	C:\WINDOWS\system32\rsaenh.dll
0x00007ff8a44c0000 - 0x00007ff8a44cc000 	C:\WINDOWS\SYSTEM32\CRYPTBASE.dll
0x00007ff8a4c90000 - 0x00007ff8a4cb6000 	C:\WINDOWS\SYSTEM32\bcrypt.dll
0x00007ff858cc0000 - 0x00007ff858cd6000 	C:\Users\HP\.p2\pool\plugins\org.eclipse.justj.openjdk.hotspot.jre.full.win32.x86_64_22.0.2.v20240802-1626\jre\bin\nio.dll
0x000002e29de60000 - 0x000002e29de64000 	D:\ApplicationDevelopment\javafx-sdk-24\bin\api-ms-win-core-console-l1-1-0.dll
0x000002e29de70000 - 0x000002e29de74000 	D:\ApplicationDevelopment\javafx-sdk-24\bin\api-ms-win-core-console-l1-2-0.dll
0x000002e29de80000 - 0x000002e29de84000 	D:\ApplicationDevelopment\javafx-sdk-24\bin\api-ms-win-core-datetime-l1-1-0.dll
0x000002e29de90000 - 0x000002e29de94000 	D:\ApplicationDevelopment\javafx-sdk-24\bin\api-ms-win-core-debug-l1-1-0.dll
0x000002e29dea0000 - 0x000002e29dea4000 	D:\ApplicationDevelopment\javafx-sdk-24\bin\api-ms-win-core-errorhandling-l1-1-0.dll
0x000002e29deb0000 - 0x000002e29deb5000 	D:\ApplicationDevelopment\javafx-sdk-24\bin\api-ms-win-core-file-l1-1-0.dll
0x000002e29dec0000 - 0x000002e29dec4000 	D:\ApplicationDevelopment\javafx-sdk-24\bin\api-ms-win-core-file-l1-2-0.dll
0x000002e29ded0000 - 0x000002e29ded4000 	D:\ApplicationDevelopment\javafx-sdk-24\bin\api-ms-win-core-file-l2-1-0.dll
0x000002e29dee0000 - 0x000002e29dee4000 	D:\ApplicationDevelopment\javafx-sdk-24\bin\api-ms-win-core-handle-l1-1-0.dll
0x000002e29def0000 - 0x000002e29def4000 	D:\ApplicationDevelopment\javafx-sdk-24\bin\api-ms-win-core-heap-l1-1-0.dll
0x000002e29df00000 - 0x000002e29df04000 	D:\ApplicationDevelopment\javafx-sdk-24\bin\api-ms-win-core-interlocked-l1-1-0.dll
0x000002e29df10000 - 0x000002e29df14000 	D:\ApplicationDevelopment\javafx-sdk-24\bin\api-ms-win-core-libraryloader-l1-1-0.dll
0x000002e29df20000 - 0x000002e29df24000 	D:\ApplicationDevelopment\javafx-sdk-24\bin\api-ms-win-core-localization-l1-2-0.dll
0x000002e29df30000 - 0x000002e29df34000 	D:\ApplicationDevelopment\javafx-sdk-24\bin\api-ms-win-core-memory-l1-1-0.dll
0x000002e29df40000 - 0x000002e29df44000 	D:\ApplicationDevelopment\javafx-sdk-24\bin\api-ms-win-core-namedpipe-l1-1-0.dll
0x000002e29df50000 - 0x000002e29df54000 	D:\ApplicationDevelopment\javafx-sdk-24\bin\api-ms-win-core-processenvironment-l1-1-0.dll
0x000002e29df60000 - 0x000002e29df64000 	D:\ApplicationDevelopment\javafx-sdk-24\bin\api-ms-win-core-processthreads-l1-1-0.dll
0x000002e29df70000 - 0x000002e29df74000 	D:\ApplicationDevelopment\javafx-sdk-24\bin\api-ms-win-core-processthreads-l1-1-1.dll
0x000002e29df80000 - 0x000002e29df84000 	D:\ApplicationDevelopment\javafx-sdk-24\bin\api-ms-win-core-profile-l1-1-0.dll
0x000002e29df90000 - 0x000002e29df94000 	D:\ApplicationDevelopment\javafx-sdk-24\bin\api-ms-win-core-rtlsupport-l1-1-0.dll
0x000002e29dfa0000 - 0x000002e29dfa4000 	D:\ApplicationDevelopment\javafx-sdk-24\bin\api-ms-win-core-string-l1-1-0.dll
0x000002e29dfb0000 - 0x000002e29dfb4000 	D:\ApplicationDevelopment\javafx-sdk-24\bin\api-ms-win-core-synch-l1-1-0.dll
0x000002e29dfc0000 - 0x000002e29dfc4000 	D:\ApplicationDevelopment\javafx-sdk-24\bin\api-ms-win-core-synch-l1-2-0.dll
0x000002e29dfd0000 - 0x000002e29dfd4000 	D:\ApplicationDevelopment\javafx-sdk-24\bin\api-ms-win-core-sysinfo-l1-1-0.dll
0x000002e29dfe0000 - 0x000002e29dfe4000 	D:\ApplicationDevelopment\javafx-sdk-24\bin\api-ms-win-core-timezone-l1-1-0.dll
0x000002e29dff0000 - 0x000002e29dff4000 	D:\ApplicationDevelopment\javafx-sdk-24\bin\api-ms-win-core-util-l1-1-0.dll
0x000002e2a37d0000 - 0x000002e2a37d4000 	D:\ApplicationDevelopment\javafx-sdk-24\bin\api-ms-win-crt-conio-l1-1-0.dll
0x000002e2a37e0000 - 0x000002e2a37e5000 	D:\ApplicationDevelopment\javafx-sdk-24\bin\api-ms-win-crt-convert-l1-1-0.dll
0x000002e2a37f0000 - 0x000002e2a37f4000 	D:\ApplicationDevelopment\javafx-sdk-24\bin\api-ms-win-crt-environment-l1-1-0.dll
0x000002e2a3800000 - 0x000002e2a3804000 	D:\ApplicationDevelopment\javafx-sdk-24\bin\api-ms-win-crt-filesystem-l1-1-0.dll
0x000002e2a3810000 - 0x000002e2a3814000 	D:\ApplicationDevelopment\javafx-sdk-24\bin\api-ms-win-crt-heap-l1-1-0.dll
0x000002e2a3820000 - 0x000002e2a3824000 	D:\ApplicationDevelopment\javafx-sdk-24\bin\api-ms-win-crt-locale-l1-1-0.dll
0x000002e2a3830000 - 0x000002e2a3836000 	D:\ApplicationDevelopment\javafx-sdk-24\bin\api-ms-win-crt-math-l1-1-0.dll
0x000002e2a3840000 - 0x000002e2a3846000 	D:\ApplicationDevelopment\javafx-sdk-24\bin\api-ms-win-crt-multibyte-l1-1-0.dll
0x000002e2a3850000 - 0x000002e2a3861000 	D:\ApplicationDevelopment\javafx-sdk-24\bin\api-ms-win-crt-private-l1-1-0.dll
0x000002e2a3870000 - 0x000002e2a3874000 	D:\ApplicationDevelopment\javafx-sdk-24\bin\api-ms-win-crt-process-l1-1-0.dll
0x000002e2a3880000 - 0x000002e2a3885000 	D:\ApplicationDevelopment\javafx-sdk-24\bin\api-ms-win-crt-runtime-l1-1-0.dll
0x000002e2a3890000 - 0x000002e2a3895000 	D:\ApplicationDevelopment\javafx-sdk-24\bin\api-ms-win-crt-stdio-l1-1-0.dll
0x000002e2a38a0000 - 0x000002e2a38a5000 	D:\ApplicationDevelopment\javafx-sdk-24\bin\api-ms-win-crt-string-l1-1-0.dll
0x000002e2a38b0000 - 0x000002e2a38b4000 	D:\ApplicationDevelopment\javafx-sdk-24\bin\api-ms-win-crt-time-l1-1-0.dll
0x000002e2a38c0000 - 0x000002e2a38c4000 	D:\ApplicationDevelopment\javafx-sdk-24\bin\api-ms-win-crt-utility-l1-1-0.dll
0x00007ff880820000 - 0x00007ff880931000 	D:\ApplicationDevelopment\javafx-sdk-24\bin\ucrtbase.dll
0x00007ff89a180000 - 0x00007ff89a19b000 	D:\ApplicationDevelopment\javafx-sdk-24\bin\vcruntime140.dll
0x00007ff89cfb0000 - 0x00007ff89cfbc000 	D:\ApplicationDevelopment\javafx-sdk-24\bin\vcruntime140_1.dll
0x00007ff883570000 - 0x00007ff8835fe000 	D:\ApplicationDevelopment\javafx-sdk-24\bin\msvcp140.dll
0x00007ff8991f0000 - 0x00007ff8991f9000 	D:\ApplicationDevelopment\javafx-sdk-24\bin\msvcp140_1.dll
0x00007ff882630000 - 0x00007ff882671000 	D:\ApplicationDevelopment\javafx-sdk-24\bin\msvcp140_2.dll
0x00007ff883730000 - 0x00007ff883760000 	D:\ApplicationDevelopment\javafx-sdk-24\bin\prism_d3d.dll
0x00007ff852c40000 - 0x00007ff852df5000 	C:\WINDOWS\system32\d3d9.dll
0x00007ff8a1f60000 - 0x00007ff8a1f96000 	C:\WINDOWS\SYSTEM32\dwmapi.dll
0x00007ff8a1be0000 - 0x00007ff8a1c27000 	C:\WINDOWS\SYSTEM32\dxcore.dll
0x00007ff89f410000 - 0x00007ff89f4bf000 	C:\WINDOWS\system32\uxtheme.dll
0x00007ff8a1b70000 - 0x00007ff8a1bd0000 	C:\WINDOWS\SYSTEM32\directxdatabasehelper.dll
0x00007ff8990f0000 - 0x00007ff89912b000 	C:\WINDOWS\SYSTEM32\cryptnet.dll
0x00007ff8836b0000 - 0x00007ff8836c3000 	D:\ApplicationDevelopment\javafx-sdk-24\bin\prism_sw.dll
0x00007ff8825e0000 - 0x00007ff882628000 	D:\ApplicationDevelopment\javafx-sdk-24\bin\glass.dll
0x00007ff8a6270000 - 0x00007ff8a6364000 	C:\WINDOWS\System32\COMDLG32.dll
0x00007ff8a7500000 - 0x00007ff8a75a8000 	C:\WINDOWS\System32\clbcatq.dll
0x00007ff886e90000 - 0x00007ff886fe6000 	C:\Windows\System32\Windows.UI.dll
0x00007ff872720000 - 0x00007ff8727e2000 	C:\Windows\System32\Windows.Networking.Connectivity.dll
0x00007ff8a75b0000 - 0x00007ff8a770f000 	C:\WINDOWS\System32\MSCTF.dll
0x00007ff86e3e0000 - 0x00007ff86e52c000 	C:\Windows\System32\Windows.UI.Immersive.dll

dbghelp: loaded successfully - version: 4.0.5 - missing functions: none
symbol engine: initialized successfully - sym options: 0x614 - pdb path: .;C:\Users\HP\.p2\pool\plugins\org.eclipse.justj.openjdk.hotspot.jre.full.win32.x86_64_22.0.2.v20240802-1626\jre\bin;C:\WINDOWS\SYSTEM32;C:\WINDOWS\WinSxS\amd64_microsoft.windows.common-controls_6595b64144ccf1df_6.0.26100.3912_none_3e07963ce335137e;C:\Users\HP\.p2\pool\plugins\org.eclipse.justj.openjdk.hotspot.jre.full.win32.x86_64_22.0.2.v20240802-1626\jre\bin\server;C:\Windows\GearUPBooster;D:\ApplicationDevelopment\javafx-sdk-24\bin

VM Arguments:
jvm_args: --module-path=D:\ApplicationDevelopment\javafx-sdk-24\lib --add-modules=javafx.controls,javafx.fxml -Dfile.encoding=UTF-8 -Dstdout.encoding=UTF-8 -Dstderr.encoding=UTF-8 --module-path=D:\ApplicationDevelopment\javafx-sdk-24\lib\javafx-swt.jar;D:\ApplicationDevelopment\javafx-sdk-24\lib\javafx.base.jar;D:\ApplicationDevelopment\javafx-sdk-24\lib\javafx.controls.jar;D:\ApplicationDevelopment\javafx-sdk-24\lib\javafx.fxml.jar;D:\ApplicationDevelopment\javafx-sdk-24\lib\javafx.graphics.jar;D:\ApplicationDevelopment\javafx-sdk-24\lib\javafx.media.jar;D:\ApplicationDevelopment\javafx-sdk-24\lib\javafx.swing.jar;D:\ApplicationDevelopment\javafx-sdk-24\lib\javafx.web.jar;D:\ApplicationDevelopment\javafx-sdk-24\lib\jdk.jsobject.jar;D:\ApplicationDevelopment\javafx-sdk-24\lib\jfx.incubator.input.jar;D:\ApplicationDevelopment\javafx-sdk-24\lib\jfx.incubator.richtext.jar;C:\Users\HP\.p2\pool\plugins\org.eclipse.fx.ide.css.jfx8_3.10.0.202303150700.jar -XX:+ShowCodeDetailsInExceptionMessages 
java_command: gui.Main
java_class_path (initial): D:\ApplicationDevelopment\pullcode\Project_PioneerStation_v1\bin;D:\ApplicationDevelopment\pullcode\Project_PioneerStation_v1\lib\sqljdbc42.jar
Launcher Type: SUN_STANDARD

[Global flags]
     intx CICompilerCount                          = 4                                         {product} {ergonomic}
     uint ConcGCThreads                            = 3                                         {product} {ergonomic}
     uint G1ConcRefinementThreads                  = 10                                        {product} {ergonomic}
   size_t G1HeapRegionSize                         = 4194304                                   {product} {ergonomic}
   size_t InitialHeapSize                          = 532676608                                 {product} {ergonomic}
   size_t MarkStackSize                            = 4194304                                   {product} {ergonomic}
   size_t MaxHeapSize                              = 8497659904                                {product} {ergonomic}
   size_t MaxNewSize                               = 5096079360                                {product} {ergonomic}
   size_t MinHeapDeltaBytes                        = 4194304                                   {product} {ergonomic}
   size_t MinHeapSize                              = 8388608                                   {product} {ergonomic}
    uintx NonNMethodCodeHeapSize                   = 5839372                                {pd product} {ergonomic}
    uintx NonProfiledCodeHeapSize                  = 122909434                              {pd product} {ergonomic}
    uintx ProfiledCodeHeapSize                     = 122909434                              {pd product} {ergonomic}
    uintx ReservedCodeCacheSize                    = 251658240                              {pd product} {ergonomic}
     bool SegmentedCodeCache                       = true                                      {product} {ergonomic}
     bool ShowCodeDetailsInExceptionMessages       = true                                   {manageable} {command line}
   size_t SoftMaxHeapSize                          = 8497659904                             {manageable} {ergonomic}
     bool UseCompressedOops                        = true                           {product lp64_product} {ergonomic}
     bool UseG1GC                                  = true                                      {product} {ergonomic}
     bool UseLargePagesIndividualAllocation        = false                                  {pd product} {ergonomic}

Logging:
Log output configuration:
 #0: stdout all=warning uptime,level,tags foldmultilines=false
 #1: stderr all=off uptime,level,tags foldmultilines=false

Environment Variables:
JAVA_HOME=C:\Program Files\Java\jdk-23
PATH=C:/Users/HP/.p2/pool/plugins/org.eclipse.justj.openjdk.hotspot.jre.full.win32.x86_64_22.0.2.v20240802-1626/jre/bin/server;C:/Users/HP/.p2/pool/plugins/org.eclipse.justj.openjdk.hotspot.jre.full.win32.x86_64_22.0.2.v20240802-1626/jre/bin;C:\Program Files\Common Files\Oracle\Java\javapath;C:\Program Files\Microsoft MPI\Bin\;C:\Program Files (x86)\Common Files\Oracle\Java\java8path;C:\Program Files (x86)\Common Files\Oracle\Java\javapath;C:\Program Files (x86)\VMware\VMware Workstation\bin\;C:\windows\system32;C:\windows;C:\windows\System32\Wbem;C:\windows\System32\WindowsPowerShell\v1.0\;C:\windows\System32\OpenSSH\;C:\Program Files (x86)\NVIDIA Corporation\PhysX\Common;C:\WINDOWS\system32;C:\WINDOWS;C:\WINDOWS\System32\Wbem;C:\WINDOWS\System32\WindowsPowerShell\v1.0\;C:\WINDOWS\System32\OpenSSH\;C:\Users\HP\AppData\Local\Programs\Python\Python312\Scripts;C:\Users\HP\AppData\Local\Programs\Python\Python312;C:\Program Files (x86)\Microsoft SQL Server\160\Tools\Binn\;C:\Program Files\Microsoft SQL Server\160\Tools\Binn\;C:\Program Files\Microsoft SQL Server\Client SDK\ODBC\170\Tools\Binn\;C:\Program Files\Microsoft SQL Server\160\DTS\Binn\;C:\Program Files (x86)\Microsoft SQL Server\160\DTS\Binn\;C:\Program Files\Java\jdk-23\bin;P:\Tools\Git\cmd;C:\Users\HP\AppData\Local\Programs\Python\Launcher\;C:\Users\HP\AppData\Local\Microsoft\WindowsApps;P:\Tools\Microsoft VS Code\bin;;C:\WINDOWS\system32;
USERNAME=HP
OS=Windows_NT
PROCESSOR_IDENTIFIER=Intel64 Family 6 Model 141 Stepping 1, GenuineIntel
TMP=C:\Users\HP\AppData\Local\Temp
TEMP=C:\Users\HP\AppData\Local\Temp




Periodic native trim disabled

---------------  S Y S T E M  ---------------

OS:
 Windows 11 , 64 bit Build 26100 (10.0.26100.3912)
OS uptime: 0 days 3:20 hours
Hyper-V role detected

CPU: total 12 (initial active 12) (6 cores per cpu, 2 threads per core) family 6 model 141 stepping 1 microcode 0x4e, cx8, cmov, fxsr, ht, mmx, 3dnowpref, sse, sse2, sse3, ssse3, sse4.1, sse4.2, popcnt, lzcnt, tsc, tscinvbit, avx, avx2, aes, erms, clmul, bmi1, bmi2, adx, avx512f, avx512dq, avx512cd, avx512bw, avx512vl, sha, fma, vzeroupper, avx512_vpopcntdq, avx512_vpclmulqdq, avx512_vaes, avx512_vnni, clflush, clflushopt, clwb, avx512_vbmi2, avx512_vbmi, hv, rdtscp, rdpid, fsrm, gfni, avx512_bitalg, f16c, cet_ibt, cet_ss, avx512_ifma
Processor Information for all 12 processors :
  Max Mhz: 2688, Current Mhz: 2688, Mhz Limit: 2688

Memory: 4k page, system-wide physical 32405M (2686M free)
TotalPageFile size 36181M (AvailPageFile size 5M)
current process WorkingSet (physical memory assigned to process): 104M, peak: 104M
current process commit charge ("private bytes"): 627M, peak: 633M

vm_info: OpenJDK 64-Bit Server VM (22.0.2+9) for windows-amd64 JRE (22.0.2+9), built on 2024-07-16T00:00:00Z by "admin" with MS VC++ 17.7 (VS2022)

END.
